<?xml version="1.0" encoding="UTF-8"?>
<testng-results ignored="0" total="1" passed="1" failed="0" skipped="0">
  <reporter-output>
  </reporter-output>
  <suite started-at="2025-02-04T12:30:26 IST" name="Default suite" finished-at="2025-02-04T12:30:35 IST" duration-ms="8345">
    <groups>
    </groups>
    <test started-at="2025-02-04T12:30:26 IST" name="Default test" finished-at="2025-02-04T12:30:35 IST" duration-ms="8345">
      <class name="com.selenium.Basic.Locators">
        <test-method signature="locators()[pri:0, instance:com.selenium.Basic.Locators@6572421]" started-at="2025-02-04T12:30:26 IST" name="locators" finished-at="2025-02-04T12:30:35 IST" duration-ms="8295" status="PASS">
          <reporter-output>
          </reporter-output>
        </test-method> <!-- locators -->
      </class> <!-- com.selenium.Basic.Locators -->
    </test> <!-- Default test -->
  </suite> <!-- Default suite -->
</testng-results>
