<?xml version="1.0" encoding="UTF-8"?>
<testng-results ignored="0" total="1" passed="1" failed="0" skipped="0">
  <reporter-output>
  </reporter-output>
  <suite started-at="2025-02-04T18:56:42 IST" name="Default suite" finished-at="2025-02-04T18:56:48 IST" duration-ms="6635">
    <groups>
    </groups>
    <test started-at="2025-02-04T18:56:42 IST" name="Default test" finished-at="2025-02-04T18:56:48 IST" duration-ms="6635">
      <class name="com.selenium.jsExecutor.ReadTitle">
        <test-method signature="getTittleTest()[pri:0, instance:com.selenium.jsExecutor.ReadTitle@6572421]" started-at="2025-02-04T18:56:42 IST" name="getTittleTest" finished-at="2025-02-04T18:56:48 IST" duration-ms="6573" status="PASS">
          <reporter-output>
          </reporter-output>
        </test-method> <!-- getTittleTest -->
      </class> <!-- com.selenium.jsExecutor.ReadTitle -->
    </test> <!-- Default test -->
  </suite> <!-- Default suite -->
</testng-results>
